Hit:1 http://archive.ubuntu.com/ubuntu focal InRelease
Get:2 http://security.ubuntu.com/ubuntu focal-security InRelease [114 kB]
Get:3 http://archive.ubuntu.com/ubuntu focal-updates InRelease [114 kB]
Get:4 http://archive.ubuntu.com/ubuntu focal-backports InRelease [101 kB]
Get:5 http://security.ubuntu.com/ubuntu focal-security/main amd64 Packages [987 kB]
Get:6 http://archive.ubuntu.com/ubuntu focal-updates/main amd64 Packages [1344 kB]
Get:7 http://security.ubuntu.com/ubuntu focal-security/main Translation-en [183 kB]
Get:8 http://security.ubuntu.com/ubuntu focal-security/main amd64 c-n-f Metadata [8880 B]
Get:9 http://security.ubuntu.com/ubuntu focal-security/restricted amd64 Packages [526 kB]
Get:10 http://archive.ubuntu.com/ubuntu focal-updates/main Translation-en [276 kB]
Get:11 http://archive.ubuntu.com/ubuntu focal-updates/main amd64 c-n-f Metadata [14.5 kB]
Get:12 http://archive.ubuntu.com/ubuntu focal-updates/restricted amd64 Packages [569 kB]
Get:13 http://archive.ubuntu.com/ubuntu focal-updates/restricted Translation-en [81.6 kB]
Get:14 http://security.ubuntu.com/ubuntu focal-security/restricted Translation-en [75.4 kB]
Get:15 http://security.ubuntu.com/ubuntu focal-security/restricted amd64 c-n-f Metadata [528 B]
Get:16 http://security.ubuntu.com/ubuntu focal-security/universe amd64 Packages [651 kB]
Get:17 http://archive.ubuntu.com/ubuntu focal-updates/restricted amd64 c-n-f Metadata [528 B]
Get:18 http://archive.ubuntu.com/ubuntu focal-updates/universe amd64 Packages [875 kB]
Get:19 http://archive.ubuntu.com/ubuntu focal-updates/universe Translation-en [189 kB]
Get:20 http://security.ubuntu.com/ubuntu focal-security/universe Translation-en [107 kB]
Get:21 http://security.ubuntu.com/ubuntu focal-security/universe amd64 c-n-f Metadata [12.9 kB]
Get:22 http://archive.ubuntu.com/ubuntu focal-updates/universe amd64 c-n-f Metadata [19.5 kB]
Get:23 http://archive.ubuntu.com/ubuntu focal-updates/multiverse amd64 Packages [24.5 kB]
Get:24 http://archive.ubuntu.com/ubuntu focal-updates/multiverse amd64 c-n-f Metadata [616 B]
Get:25 http://archive.ubuntu.com/ubuntu focal-backports/universe amd64 Packages [6592 B]
Get:26 http://security.ubuntu.com/ubuntu focal-security/multiverse amd64 Packages [21.9 kB]
Get:27 http://security.ubuntu.com/ubuntu focal-security/multiverse amd64 c-n-f Metadata [540 B]
Get:28 http://archive.ubuntu.com/ubuntu focal-backports/universe Translation-en [3292 B]
Get:29 http://archive.ubuntu.com/ubuntu focal-backports/universe amd64 c-n-f Metadata [580 B]
Fetched 6307 kB in 10s (626 kB/s)
Reading package lists...
